Drill report for /home/gvj/Kicad/Projects/HL_TX-RX_Filters/HL_TX-RX_Filter.kicad_pcb
Created on Fri 04 Aug 2017 16:14:45 NZST

Copper Layer Stackup:
    =============================================================
    L1 :  F.Cu                      front
    L2 :  B.Cu                      back


Drill file 'HL_TX-RX_Filter.drl' contains
    plated through holes:
    =============================================================
    T1  0.30mm  0.012"  (104 holes)
    T2  0.40mm  0.016"  (68 holes)
    T3  0.50mm  0.020"  (42 holes)
    T4  0.80mm  0.031"  (4 holes)
    T5  0.89mm  0.035"  (7 holes)
    T6  1.00mm  0.039"  (26 holes)
    T7  1.00mm  0.039"  (46 holes)
    T8  3.05mm  0.120"  (4 holes)

    Total plated holes count 301


Drill file 'HL_TX-RX_Filter-NPTH.drl' contains
    unplated through holes:
    =============================================================

    Total unplated holes count 0
